0 info it worked if it ends with ok
1 verbose cli [ 'C:\\Program Files\\nodejs\\\\node.exe',
1 verbose cli   'C:\\Program Files\\nodejs\\node_modules\\npm\\bin\\npm-cli.js',
1 verbose cli   'run',
1 verbose cli   'prebuild' ]
2 info using npm@2.9.1
3 info using node@v0.12.3
4 verbose node symlink C:\Program Files\nodejs\\node.exe
5 verbose run-script [ 'prebuild' ]
6 info prebuild gs@1.0.0
7 verbose unsafe-perm in lifecycle true
8 info gs@1.0.0 Failed to exec prebuild script
9 verbose stack Error: gs@1.0.0 prebuild: `Create-Item -Directory blank; robocopy /MIR blank public; Remove-Item blank`
9 verbose stack Exit status 1
9 verbose stack     at EventEmitter.<anonymous> (C:\Program Files\nodejs\node_modules\npm\lib\utils\lifecycle.js:213:16)
9 verbose stack     at EventEmitter.emit (events.js:110:17)
9 verbose stack     at ChildProcess.<anonymous> (C:\Program Files\nodejs\node_modules\npm\lib\utils\spawn.js:24:14)
9 verbose stack     at ChildProcess.emit (events.js:110:17)
9 verbose stack     at maybeClose (child_process.js:1015:16)
9 verbose stack     at Process.ChildProcess._handle.onexit (child_process.js:1087:5)
10 verbose pkgid gs@1.0.0
11 verbose cwd C:\Users\alex\gs
12 error Windows_NT 6.3.9600
13 error argv "C:\\Program Files\\nodejs\\\\node.exe" "C:\\Program Files\\nodejs\\node_modules\\npm\\bin\\npm-cli.js" "run" "prebuild"
14 error node v0.12.3
15 error npm  v2.9.1
16 error code ELIFECYCLE
17 error gs@1.0.0 prebuild: `Create-Item -Directory blank; robocopy /MIR blank public; Remove-Item blank`
17 error Exit status 1
18 error Failed at the gs@1.0.0 prebuild script 'Create-Item -Directory blank; robocopy /MIR blank public; Remove-Item blank'.
18 error This is most likely a problem with the gs package,
18 error not with npm itself.
18 error Tell the author that this fails on your system:
18 error     Create-Item -Directory blank; robocopy /MIR blank public; Remove-Item blank
18 error You can get their info via:
18 error     npm owner ls gs
18 error There is likely additional logging output above.
19 verbose exit [ 1, true ]
